mode: set
financialapi/internal/goalseek/goalseek.go:7.83,9.16 2 1
financialapi/internal/goalseek/goalseek.go:9.16,11.3 1 0
financialapi/internal/goalseek/goalseek.go:13.2,14.16 2 1
financialapi/internal/goalseek/goalseek.go:14.16,16.3 1 0
financialapi/internal/goalseek/goalseek.go:18.2,22.8 1 1
financialapi/internal/financials/calculations.go:8.81,11.49 2 1
financialapi/internal/financials/calculations.go:11.49,23.10 9 1
financialapi/internal/financials/calculations.go:23.10,25.4 1 1
financialapi/internal/financials/calculations.go:26.3,27.15 2 1
financialapi/internal/financials/calculations.go:27.15,29.4 1 1
financialapi/internal/financials/calculations.go:30.3,32.34 3 1
financialapi/internal/financials/calculations.go:35.2,35.30 1 1
financialapi/internal/financials/calculations.go:38.105,39.51 1 1
financialapi/internal/financials/calculations.go:39.51,41.17 2 1
financialapi/internal/financials/calculations.go:41.17,43.4 1 0
financialapi/internal/financials/calculations.go:44.3,44.36 1 1
financialapi/internal/financials/calculations.go:47.2,47.52 1 1
financialapi/internal/financials/calculations.go:47.52,51.33 4 1
financialapi/internal/financials/calculations.go:51.33,53.4 1 0
financialapi/internal/financials/calculations.go:54.3,54.34 1 1
financialapi/internal/financials/calculations.go:57.2,57.70 1 1
financialapi/internal/financials/calculations.go:60.111,61.31 1 1
financialapi/internal/financials/calculations.go:61.31,63.17 2 1
financialapi/internal/financials/calculations.go:63.17,65.4 1 0
financialapi/internal/financials/calculations.go:66.3,66.26 1 1
financialapi/internal/financials/calculations.go:66.26,68.4 1 1
financialapi/internal/financials/calculations.go:70.3,71.17 2 1
financialapi/internal/financials/calculations.go:71.17,73.4 1 0
financialapi/internal/financials/calculations.go:74.3,74.15 1 1
financialapi/internal/financials/calculations.go:74.15,76.4 1 0
financialapi/internal/financials/calculations.go:78.3,78.19 1 1
financialapi/internal/financials/calculations.go:80.2,80.103 1 0
financialapi/internal/financials/params.go:19.43,20.21 1 0
financialapi/internal/financials/params.go:20.21,22.3 1 0
financialapi/internal/financials/params.go:23.2,23.20 1 0
financialapi/internal/financials/params.go:23.20,25.3 1 0
financialapi/internal/financials/params.go:26.2,26.22 1 0
financialapi/internal/financials/params.go:26.22,28.3 1 0
financialapi/internal/financials/params.go:29.2,29.26 1 0
financialapi/internal/financials/params.go:29.26,31.3 1 0
financialapi/internal/financials/params.go:32.2,32.30 1 0
financialapi/internal/financials/params.go:32.30,34.3 1 0
financialapi/internal/financials/params.go:35.2,35.19 1 0
financialapi/internal/financials/params.go:35.19,37.3 1 0
financialapi/internal/financials/params.go:38.2,38.24 1 0
financialapi/internal/financials/params.go:38.24,40.3 1 0
financialapi/internal/financials/params.go:41.2,41.19 1 0
financialapi/internal/financials/params.go:41.19,43.3 1 0
financialapi/internal/financials/params.go:44.2,44.24 1 0
financialapi/internal/financials/params.go:44.24,46.3 1 0
financialapi/internal/financials/params.go:47.2,47.25 1 0
financialapi/internal/financials/params.go:47.25,49.3 1 0
financialapi/internal/financials/params.go:50.2,50.24 1 0
financialapi/internal/financials/params.go:50.24,52.3 1 0
financialapi/internal/financials/params.go:53.2,53.12 1 0
financialapi/internal/runout/runout.go:7.83,12.2 1 1
financialapi/internal/api/handlers.go:13.50,15.50 2 1
financialapi/internal/api/handlers.go:15.50,18.3 2 0
financialapi/internal/api/handlers.go:20.2,20.42 1 1
financialapi/internal/api/handlers.go:20.42,23.3 2 0
financialapi/internal/api/handlers.go:25.2,26.16 2 1
financialapi/internal/api/handlers.go:26.16,29.3 2 0
financialapi/internal/api/handlers.go:31.2,31.31 1 1
financialapi/internal/api/handlers.go:34.48,36.50 2 0
financialapi/internal/api/handlers.go:36.50,39.3 2 0
financialapi/internal/api/handlers.go:41.2,41.42 1 0
financialapi/internal/api/handlers.go:41.42,44.3 2 0
financialapi/internal/api/handlers.go:46.2,47.16 2 0
financialapi/internal/api/handlers.go:47.16,50.3 2 0
financialapi/internal/api/handlers.go:52.2,52.31 1 0
financialapi/internal/api/server.go:11.26,17.2 3 0
financialapi/internal/api/server.go:19.32,22.2 2 1
financialapi/internal/api/server.go:24.41,26.2 1 0
